{
  "RSpec": {
    "coverage": {
      "/data/rails/birdreg/config/environment.rb": [
        null,
        1,
        null,
        null,
        1
      ],
      "/data/rails/birdreg/config/application.rb": [
        1,
        null,
        1,
        null,
        1,
        1,
        1,
        1,
        1,
        1,
        null,
        null,
        null,
        null,
        null,
        1,
        null,
        1,
        1,
        null,
        null,
        null,
        null,
        null,
        null,
        null,
        null,
        null,
        null,
        null,
        null,
        null,
        1,
        null,
        null
      ],
      "/data/rails/birdreg/config/boot.rb": [
        1,
        null,
        1
      ],
      "/data/rails/birdreg/config/environments/test.rb": [
        1,
        null,
        null,
        null,
        null,
        null,
        null,
        1,
        null,
        null,
        null,
        null,
        1,
        null,
        null,
        1,
        1,
        null,
        null,
        1,
        1,
        null,
        null,
        1,
        null,
        null,
        1,
        null,
        null,
        null,
        null,
        1,
        null,
        null,
        1,
        null,
        null,
        1,
        null,
        null,
        null,
        null
      ],
      "/data/rails/birdreg/config/initializers/backtrace_silencers.rb": [
        null,
        null,
        null,
        null,
        null,
        null,
        null
      ],
      "/data/rails/birdreg/config/initializers/cookies_serializer.rb": [
        null,
        null,
        1
      ],
      "/data/rails/birdreg/config/initializers/filter_parameter_logging.rb": [
        null,
        null,
        null,
        1
      ],
      "/data/rails/birdreg/config/initializers/inflections.rb": [
        null,
        null,
        null,
        null,
        null,
        null,
        null,
        null,
        null,
        null,
        null,
        null,
        null,
        null,
        null,
        null
      ],
      "/data/rails/birdreg/config/initializers/mime_types.rb": [
        null,
        null,
        null,
        null
      ],
      "/data/rails/birdreg/config/initializers/model_serializer.rb": [
        1
      ],
      "/data/rails/birdreg/config/initializers/session_store.rb": [
        null,
        null,
        1
      ],
      "/data/rails/birdreg/config/initializers/wrap_parameters.rb": [
        null,
        null,
        null,
        null,
        null,
        null,
        1,
        1,
        null,
        null,
        null,
        null,
        null,
        null
      ],
      "/data/rails/birdreg/config/routes.rb": [
        1,
        1,
        1,
        null
      ],
      "/data/rails/birdreg/app/helpers/application_helper.rb": [
        1,
        null
      ],
      "/data/rails/birdreg/app/controllers/birdcats_controller.rb": [
        1,
        1,
        1,
        1,
        null,
        null,
        null
      ],
      "/data/rails/birdreg/app/controllers/application_controller.rb": [
        1,
        null,
        null,
        1,
        null
      ],
      "/data/rails/birdreg/app/controllers/birds_controller.rb": [
        1,
        1,
        0,
        0,
        null,
        null
      ],
      "/data/rails/birdreg/app/models/bird.rb": [
        1,
        1,
        1,
        1,
        1,
        1,
        1,
        null,
        1,
        1,
        1,
        1,
        null,
        null
      ],
      "/data/rails/birdreg/app/models/birdcat.rb": [
        1,
        1,
        1,
        1,
        1,
        null,
        1,
        2,
        2,
        2,
        null,
        null
      ],
      "/data/rails/birdreg/app/models/birdcatname.rb": [
        1,
        1,
        1,
        1,
        1,
        1,
        null,
        1,
        2,
        null,
        null
      ],
      "/data/rails/birdreg/app/models/birdimage.rb": [
        1,
        1,
        1,
        1,
        1,
        1,
        null
      ],
      "/data/rails/birdreg/app/models/birdname.rb": [
        1,
        1,
        1,
        1,
        1,
        1,
        null,
        1,
        1,
        null,
        null
      ],
      "/data/rails/birdreg/app/models/country.rb": [
        1,
        1,
        1,
        1,
        null
      ],
      "/data/rails/birdreg/app/models/lang.rb": [
        1,
        1,
        1,
        1,
        null,
        1,
        3,
        null,
        null
      ],
      "/data/rails/birdreg/app/models/observation_item.rb": [
        1,
        1,
        1,
        1,
        1,
        1,
        1,
        null
      ],
      "/data/rails/birdreg/app/models/observation.rb": [
        1,
        1,
        1,
        1,
        1,
        1,
        1,
        1,
        1,
        null
      ],
      "/data/rails/birdreg/app/models/participant.rb": [
        1,
        1,
        1,
        1,
        1,
        null
      ],
      "/data/rails/birdreg/app/models/person.rb": [
        1,
        1,
        1,
        1,
        1,
        null
      ],
      "/data/rails/birdreg/app/models/place.rb": [
        1,
        1,
        1,
        1,
        1,
        1,
        1,
        null
      ],
      "/data/rails/birdreg/app/serializers/birdcat_serializer.rb": [
        1,
        1,
        1,
        null,
        1,
        1,
        1,
        1,
        1,
        null,
        null,
        null
      ]
    },
    "timestamp": 1463778213
  }
}
